Checking balance for: 0x4c140d568a1C3D4E423322947c057a56b74cc9d5
{
  "accountValue": "0.0",
  "totalNtlPos": "0.0",
  "totalRawUsd": "0.0",
  "totalMarginUsed": "0.0"
}
Spot balances: [
  {
    "coin": "USDC",
    "token": 0,
    "total": "0.0",
    "hold": "0.0",
    "entryNtl": "0.0"
  },
  {
    "coin": "TZERO",
    "token": 1204,
    "total": "0.0",
    "hold": "0.0",
    "entryNtl": "0.0"
  },
  {
    "coin": "USDEEE",
    "token": 1295,
    "total": "0.0",
    "hold": "0.0",
    "entryNtl": "0.0"
  },
  {
    "coin": "USDZZ",
    "token": 1328,
    "total": "0.0",
    "hold": "0.0",
    "entryNtl": "0.0"
  },
  {
    "coin": "NQ",
    "token": 1424,
    "total": "0.0",
    "hold": "0.0",
    "entryNtl": "0.0"
  },
  {
    "coin": "DENIM",
    "token": 1434,
    "total": "0.0",
    "hold": "0.0",
    "entryNtl": "0.0"
  },
  {
    "coin": "HORSE",
    "token": 1435,
    "total": "0.0",
    "hold": "0.0",
    "entryNtl": "0.0"
  },
  {
    "coin": "USDH",
    "token": 1452,
    "total": "0.0",
    "hold": "0.0",
    "entryNtl": "0.0"
  },
  {
    "coin": "TUSDC",
    "token": 1493,
    "total": "0.0",
    "hold": "0.0",
    "entryNtl": "0.0"
  },
  {
    "coin": "XAG",
    "token": 1508,
    "total": "0.0",
    "hold": "0.0",
    "entryNtl": "0.0"
  },
  {
    "coin": "TGUSD",
    "token": 1535,
    "total": "0.0",
    "hold": "0.0",
    "entryNtl": "0.0"
  },
  {
    "coin": "USDYP",
    "token": 1576,
    "total": "0.0",
    "hold": "0.0",
    "entryNtl": "0.0"
  },
  {
    "coin": "EZSUSD",
    "token": 1583,
    "total": "0.0",
    "hold": "0.0",
    "entryNtl": "0.0"
  }
]
